<?xml version="1.0" encoding="UTF-8"?>
<testng-results skipped="0" failed="0" ignored="0" total="1" passed="1">
  <reporter-output>
  </reporter-output>
  <suite name="Default Suite" duration-ms="5335" started-at="2019-12-09T06:41:21Z" finished-at="2019-12-09T06:41:26Z">
    <groups>
    </groups>
    <test name="Selenium_Example" duration-ms="5335" started-at="2019-12-09T06:41:21Z" finished-at="2019-12-09T06:41:26Z">
      <class name="TestngSample">
        <test-method status="PASS" signature="VerifyLoginLogout()[pri:0, instance:TestngSample@1b40d5f0]" name="VerifyLoginLogout" duration-ms="5317" started-at="2019-12-09T06:41:21Z" finished-at="2019-12-09T06:41:26Z">
          <reporter-output>
          </reporter-output>
        </test-method> <!-- VerifyLoginLogout -->
      </class> <!-- TestngSample -->
    </test> <!-- Selenium_Example -->
  </suite> <!-- Default Suite -->
</testng-results>
